0 info it worked if it ends with ok
1 verbose cli [ 'W:\\Softwares\\Node js\\node.exe',
1 verbose cli   'W:\\Softwares\\Node js\\node_modules\\npm\\bin\\npm-cli.js',
1 verbose cli   'start' ]
2 info using npm@3.10.3
3 info using node@v6.5.0
4 verbose run-script [ 'prestart', 'start', 'poststart' ]
5 info lifecycle CleanEatingWebsite@1.0.0~prestart: CleanEatingWebsite@1.0.0
6 silly lifecycle CleanEatingWebsite@1.0.0~prestart: no script for prestart, continuing
7 info lifecycle CleanEatingWebsite@1.0.0~start: CleanEatingWebsite@1.0.0
8 verbose lifecycle CleanEatingWebsite@1.0.0~start: unsafe-perm in lifecycle true
9 verbose lifecycle CleanEatingWebsite@1.0.0~start: PATH: W:\Softwares\Node js\node_modules\npm\bin\node-gyp-bin;W:\Softwares\Node js\Coding\final Project-janina-v3\node_modules\.bin;W:\Softwares\Node js;C:\ProgramData\Oracle\Java\javapath;C:\Program Files (x86)\Intel\iCLS Client\;C:\Program Files\Intel\iCLS Client\;C:\WINDOWS\system32;C:\WINDOWS;C:\WINDOWS\System32\Wbem;C:\WINDOWS\System32\WindowsPowerShell\v1.0\;C:\Program Files (x86)\Intel\Intel(R) Management Engine Components\DAL;C:\Program Files\Intel\Intel(R) Management Engine Components\DAL;C:\Program Files (x86)\Intel\Intel(R) Management Engine Components\IPT;C:\Program Files\Intel\Intel(R) Management Engine Components\IPT;C:\Program Files\Intel\WiFi\bin\;C:\Program Files\Common Files\Intel\WirelessCommon\;W:\Softwares\Node js\;C:\Program Files\Git\cmd;C:\Program Files (x86)\Skype\Phone\;C:\Users\deepa\Anaconda3;C:\Users\deepa\Anaconda3\Scripts;C:\Users\deepa\Anaconda3\Library\bin;C:\Users\deepa\AppData\Local\Microsoft\WindowsApps;;C:\Program Files (x86)\Microsoft VS Code\bin;C:\Users\deepa\AppData\Roaming\npm
10 verbose lifecycle CleanEatingWebsite@1.0.0~start: CWD: W:\Softwares\Node js\Coding\final Project-janina-v3
11 silly lifecycle CleanEatingWebsite@1.0.0~start: Args: [ '/d /s /c', 'node app.js' ]
12 silly lifecycle CleanEatingWebsite@1.0.0~start: Returned: code: 1  signal: null
13 info lifecycle CleanEatingWebsite@1.0.0~start: Failed to exec start script
14 verbose stack Error: CleanEatingWebsite@1.0.0 start: `node app.js`
14 verbose stack Exit status 1
14 verbose stack     at EventEmitter.<anonymous> (W:\Softwares\Node js\node_modules\npm\lib\utils\lifecycle.js:242:16)
14 verbose stack     at emitTwo (events.js:106:13)
14 verbose stack     at EventEmitter.emit (events.js:191:7)
14 verbose stack     at ChildProcess.<anonymous> (W:\Softwares\Node js\node_modules\npm\lib\utils\spawn.js:40:14)
14 verbose stack     at emitTwo (events.js:106:13)
14 verbose stack     at ChildProcess.emit (events.js:191:7)
14 verbose stack     at maybeClose (internal/child_process.js:877:16)
14 verbose stack     at Process.ChildProcess._handle.onexit (internal/child_process.js:226:5)
15 verbose pkgid CleanEatingWebsite@1.0.0
16 verbose cwd W:\Softwares\Node js\Coding\final Project-janina-v3
17 error Windows_NT 10.0.14393
18 error argv "W:\\Softwares\\Node js\\node.exe" "W:\\Softwares\\Node js\\node_modules\\npm\\bin\\npm-cli.js" "start"
19 error node v6.5.0
20 error npm  v3.10.3
21 error code ELIFECYCLE
22 error CleanEatingWebsite@1.0.0 start: `node app.js`
22 error Exit status 1
23 error Failed at the CleanEatingWebsite@1.0.0 start script 'node app.js'.
23 error Make sure you have the latest version of node.js and npm installed.
23 error If you do, this is most likely a problem with the CleanEatingWebsite package,
23 error not with npm itself.
23 error Tell the author that this fails on your system:
23 error     node app.js
23 error You can get information on how to open an issue for this project with:
23 error     npm bugs CleanEatingWebsite
23 error Or if that isn't available, you can get their info via:
23 error     npm owner ls CleanEatingWebsite
23 error There is likely additional logging output above.
24 verbose exit [ 1, true ]
